app/build/intermediates/manifest_merge_blame_file/debug/manifest-merger-blame-debug-report.txt
1<?xml version="1.0" encoding="utf-8"?>
2<manifest xmlns:android="http://schemas.android.com/apk/res/android"
3    package="com.example.whereryou"
4    android:versionCode="1"
5    android:versionName="1.0" >
6
7    <uses-sdk
8        android:minSdkVersion="16"
8-->src\main\AndroidManifest.xml
9        android:targetSdkVersion="32" />
9-->src\main\AndroidManifest.xml
10
11    <uses-permission android:name="android.permission.ACCESS_NETWORK_STATE" />
11-->src\main\AndroidManifest.xml:5:5-78
11-->src\main\AndroidManifest.xml:5:22-76
12    <uses-permission android:name="android.permission.INTERNET" />
12-->src\main\AndroidManifest.xml:6:5-66
12-->src\main\AndroidManifest.xml:6:22-64
13
14    <application
14-->src\main\AndroidManifest.xml:8:5-56:19
15        android:name="com.example.whereryou.ParseApp"
15-->src\main\AndroidManifest.xml:9:9-33
16        android:allowBackup="true"
16-->src\main\AndroidManifest.xml:11:9-35
17        android:appComponentFactory="androidx.core.app.CoreComponentFactory"
17-->[androidx.core:core:1.7.0] AndroidManifest.xml:24:18-86
18        android:debuggable="true"
19        android:icon="@mipmap/ic_launcher"
19-->src\main\AndroidManifest.xml:12:9-43
20        android:label="@string/app_name"
20-->src\main\AndroidManifest.xml:13:9-41
21        android:roundIcon="@mipmap/ic_launcher_round"
21-->src\main\AndroidManifest.xml:14:9-54
22        android:supportsRtl="true"
22-->src\main\AndroidManifest.xml:15:9-35
23        android:testOnly="true"
24        android:theme="@style/Theme.WhereRYou" >
24-->src\main\AndroidManifest.xml:16:9-47
25        <activity
25-->src\main\AndroidManifest.xml:18:9-25:20
26            android:name="com.example.whereryou.Login"
26-->src\main\AndroidManifest.xml:18:19-40
27            android:exported="true" >
27-->src\main\AndroidManifest.xml:19:13-36
28            <intent-filter>
28-->src\main\AndroidManifest.xml:20:13-24:29
29                <action android:name="android.intent.action.MAIN" />
29-->src\main\AndroidManifest.xml:21:17-69
29-->src\main\AndroidManifest.xml:21:25-66
30
31                <category android:name="android.intent.category.LAUNCHER" />
31-->src\main\AndroidManifest.xml:23:17-77
31-->src\main\AndroidManifest.xml:23:27-74
32            </intent-filter>
33        </activity>
34        <activity
34-->src\main\AndroidManifest.xml:27:9-30:20
35            android:name="com.example.whereryou.MainActivity"
35-->src\main\AndroidManifest.xml:27:19-47
36            android:exported="true" >
36-->src\main\AndroidManifest.xml:28:13-36
37        </activity>
38        <activity
38-->src\main\AndroidManifest.xml:32:9-35:20
39            android:name="com.example.whereryou.Search"
39-->src\main\AndroidManifest.xml:32:19-41
40            android:exported="true" >
40-->src\main\AndroidManifest.xml:33:13-36
41        </activity>
42        <activity
42-->src\main\AndroidManifest.xml:36:9-39:20
43            android:name="com.example.whereryou.Profile"
43-->src\main\AndroidManifest.xml:36:19-42
44            android:exported="true" >
44-->src\main\AndroidManifest.xml:37:13-36
45        </activity>
46        <activity
46-->src\main\AndroidManifest.xml:40:9-43:20
47            android:name="com.example.whereryou.Home"
47-->src\main\AndroidManifest.xml:40:19-39
48            android:exported="true" >
48-->src\main\AndroidManifest.xml:41:13-36
49        </activity>
50
51        <meta-data
51-->src\main\AndroidManifest.xml:45:9-47:59
52            android:name="com.parse.SERVER_URL"
52-->src\main\AndroidManifest.xml:46:13-48
53            android:value="@string/back4app_server_url" />
53-->src\main\AndroidManifest.xml:47:13-56
54        <meta-data
54-->src\main\AndroidManifest.xml:48:9-50:55
55            android:name="com.parse.APPLICATION_ID"
55-->src\main\AndroidManifest.xml:49:13-52
56            android:value="@string/back4app_app_id" />
56-->src\main\AndroidManifest.xml:50:13-52
57        <meta-data
57-->src\main\AndroidManifest.xml:51:9-53:59
58            android:name="com.parse.CLIENT_KEY"
58-->src\main\AndroidManifest.xml:52:13-48
59            android:value="@string/back4app_client_key" />
59-->src\main\AndroidManifest.xml:53:13-56
60
61        <activity
61-->[com.google.firebase:firebase-auth:21.0.5] AndroidManifest.xml:27:9-44:20
62            android:name="com.google.firebase.auth.internal.GenericIdpActivity"
62-->[com.google.firebase:firebase-auth:21.0.5] AndroidManifest.xml:28:13-80
63            android:excludeFromRecents="true"
63-->[com.google.firebase:firebase-auth:21.0.5] AndroidManifest.xml:29:13-46
64            android:exported="true"
64-->[com.google.firebase:firebase-auth:21.0.5] AndroidManifest.xml:30:13-36
65            android:launchMode="singleTask"
65-->[com.google.firebase:firebase-auth:21.0.5] AndroidManifest.xml:31:13-44
66            android:theme="@android:style/Theme.Translucent.NoTitleBar" >
66-->[com.google.firebase:firebase-auth:21.0.5] AndroidManifest.xml:32:13-72
67            <intent-filter>
67-->[com.google.firebase:firebase-auth:21.0.5] AndroidManifest.xml:33:13-43:29
68                <action android:name="android.intent.action.VIEW" />
68-->[com.google.firebase:firebase-auth:21.0.5] AndroidManifest.xml:34:17-69
68-->[com.google.firebase:firebase-auth:21.0.5] AndroidManifest.xml:34:25-66
69
70                <category android:name="android.intent.category.DEFAULT" />
70-->[com.google.firebase:firebase-auth:21.0.5] AndroidManifest.xml:36:17-76
70-->[com.google.firebase:firebase-auth:21.0.5] AndroidManifest.xml:36:27-73
71                <category android:name="android.intent.category.BROWSABLE" />
71-->[com.google.firebase:firebase-auth:21.0.5] AndroidManifest.xml:37:17-78
71-->[com.google.firebase:firebase-auth:21.0.5] AndroidManifest.xml:37:27-75
72
73                <data
73-->[com.google.firebase:firebase-auth:21.0.5] AndroidManifest.xml:39:17-42:51
74                    android:host="firebase.auth"
74-->[com.google.firebase:firebase-auth:21.0.5] AndroidManifest.xml:40:21-49
75                    android:path="/"
75-->[com.google.firebase:firebase-auth:21.0.5] AndroidManifest.xml:41:21-37
76                    android:scheme="genericidp" />
76-->[com.google.firebase:firebase-auth:21.0.5] AndroidManifest.xml:42:21-48
77            </intent-filter>
78        </activity>
79        <activity
79-->[com.google.firebase:firebase-auth:21.0.5] AndroidManifest.xml:45:9-62:20
80            android:name="com.google.firebase.auth.internal.RecaptchaActivity"
80-->[com.google.firebase:firebase-auth:21.0.5] AndroidManifest.xml:46:13-79
81            android:excludeFromRecents="true"
81-->[com.google.firebase:firebase-auth:21.0.5] AndroidManifest.xml:47:13-46
82            android:exported="true"
82-->[com.google.firebase:firebase-auth:21.0.5] AndroidManifest.xml:48:13-36
83            android:launchMode="singleTask"
83-->[com.google.firebase:firebase-auth:21.0.5] AndroidManifest.xml:49:13-44
84            android:theme="@android:style/Theme.Translucent.NoTitleBar" >
84-->[com.google.firebase:firebase-auth:21.0.5] AndroidManifest.xml:50:13-72
85            <intent-filter>
85-->[com.google.firebase:firebase-auth:21.0.5] AndroidManifest.xml:51:13-61:29
86                <action android:name="android.intent.action.VIEW" />
86-->[com.google.firebase:firebase-auth:21.0.5] AndroidManifest.xml:34:17-69
86-->[com.google.firebase:firebase-auth:21.0.5] AndroidManifest.xml:34:25-66
87
88                <category android:name="android.intent.category.DEFAULT" />
88-->[com.google.firebase:firebase-auth:21.0.5] AndroidManifest.xml:36:17-76
88-->[com.google.firebase:firebase-auth:21.0.5] AndroidManifest.xml:36:27-73
89                <category android:name="android.intent.category.BROWSABLE" />
89-->[com.google.firebase:firebase-auth:21.0.5] AndroidManifest.xml:37:17-78
89-->[com.google.firebase:firebase-auth:21.0.5] AndroidManifest.xml:37:27-75
90
91                <data
91-->[com.google.firebase:firebase-auth:21.0.5] AndroidManifest.xml:39:17-42:51
92                    android:host="firebase.auth"
92-->[com.google.firebase:firebase-auth:21.0.5] AndroidManifest.xml:40:21-49
93                    android:path="/"
93-->[com.google.firebase:firebase-auth:21.0.5] AndroidManifest.xml:41:21-37
94                    android:scheme="recaptcha" />
94-->[com.google.firebase:firebase-auth:21.0.5] AndroidManifest.xml:42:21-48
95            </intent-filter>
96        </activity>
97
98        <service
98-->[com.google.firebase:firebase-auth:21.0.5] AndroidManifest.xml:64:9-70:19
99            android:name="com.google.firebase.components.ComponentDiscoveryService"
99-->[com.google.firebase:firebase-auth:21.0.5] AndroidManifest.xml:65:13-84
100            android:directBootAware="true"
100-->[com.google.firebase:firebase-common:20.1.1] AndroidManifest.xml:35:13-43
101            android:exported="false" >
101-->[com.google.firebase:firebase-auth:21.0.5] AndroidManifest.xml:66:13-37
102            <meta-data
102-->[com.google.firebase:firebase-auth:21.0.5] AndroidManifest.xml:67:13-69:85
103                android:name="com.google.firebase.components:com.google.firebase.auth.FirebaseAuthRegistrar"
103-->[com.google.firebase:firebase-auth:21.0.5] AndroidManifest.xml:68:17-109
104                android:value="com.google.firebase.components.ComponentRegistrar" />
104-->[com.google.firebase:firebase-auth:21.0.5] AndroidManifest.xml:69:17-82
105        </service>
106
107        <provider
107-->[com.google.firebase:firebase-common:20.1.1] AndroidManifest.xml:26:9-31:39
108            android:name="com.google.firebase.provider.FirebaseInitProvider"
108-->[com.google.firebase:firebase-common:20.1.1] AndroidManifest.xml:27:13-77
109            android:authorities="com.example.whereryou.firebaseinitprovider"
109-->[com.google.firebase:firebase-common:20.1.1] AndroidManifest.xml:28:13-72
110            android:directBootAware="true"
110-->[com.google.firebase:firebase-common:20.1.1] AndroidManifest.xml:29:13-43
111            android:exported="false"
111-->[com.google.firebase:firebase-common:20.1.1] AndroidManifest.xml:30:13-37
112            android:initOrder="100" />
112-->[com.google.firebase:firebase-common:20.1.1] AndroidManifest.xml:31:13-36
113
114        <activity
114-->[com.google.android.gms:play-services-base:17.1.0] AndroidManifest.xml:23:9-26:75
115            android:name="com.google.android.gms.common.api.GoogleApiActivity"
115-->[com.google.android.gms:play-services-base:17.1.0] AndroidManifest.xml:24:13-79
116            android:exported="false"
116-->[com.google.android.gms:play-services-base:17.1.0] AndroidManifest.xml:25:13-37
117            android:theme="@android:style/Theme.Translucent.NoTitleBar" />
117-->[com.google.android.gms:play-services-base:17.1.0] AndroidManifest.xml:26:13-72
118
119        <meta-data
119-->[com.google.android.gms:play-services-basement:18.0.0] AndroidManifest.xml:21:9-23:69
120            android:name="com.google.android.gms.version"
120-->[com.google.android.gms:play-services-basement:18.0.0] AndroidManifest.xml:22:13-58
121            android:value="@integer/google_play_services_version" />
121-->[com.google.android.gms:play-services-basement:18.0.0] AndroidManifest.xml:23:13-66
122
123        <provider
123-->[androidx.emoji2:emoji2:1.0.0] AndroidManifest.xml:26:9-34:20
124            android:name="androidx.startup.InitializationProvider"
124-->[androidx.emoji2:emoji2:1.0.0] AndroidManifest.xml:27:13-67
125            android:authorities="com.example.whereryou.androidx-startup"
125-->[androidx.emoji2:emoji2:1.0.0] AndroidManifest.xml:28:13-68
126            android:exported="false" >
126-->[androidx.emoji2:emoji2:1.0.0] AndroidManifest.xml:29:13-37
127            <meta-data
127-->[androidx.emoji2:emoji2:1.0.0] AndroidManifest.xml:31:13-33:52
128                android:name="androidx.emoji2.text.EmojiCompatInitializer"
128-->[androidx.emoji2:emoji2:1.0.0] AndroidManifest.xml:32:17-75
129                android:value="androidx.startup" />
129-->[androidx.emoji2:emoji2:1.0.0] AndroidManifest.xml:33:17-49
130            <meta-data
130-->[androidx.lifecycle:lifecycle-process:2.4.0] AndroidManifest.xml:31:13-33:52
131                android:name="androidx.lifecycle.ProcessLifecycleInitializer"
131-->[androidx.lifecycle:lifecycle-process:2.4.0] AndroidManifest.xml:32:17-78
132                android:value="androidx.startup" />
132-->[androidx.lifecycle:lifecycle-process:2.4.0] AndroidManifest.xml:33:17-49
133        </provider>
134    </application>
135
136</manifest>